Start testing: May 28 17:10 EDT
----------------------------------------------------------
1/1 Testing: tests
1/1 Test: tests
Command: "/home/kali/projects/Factory/build/tests/tests"
Directory: /home/kali/projects/Factory/build/tests
"tests" start time: May 28 17:10 EDT
Output:
----------------------------------------------------------
Running main() from ./googletest/src/gtest_main.cc
[==========] Running 4 tests from 4 test suites.
[----------] Global test environment set-up.
[----------] 1 test from GameAgentTest
[ RUN      ] GameAgentTest.InterfaceTest
[       OK ] GameAgentTest.InterfaceTest (0 ms)
[----------] 1 test from GameAgentTest (0 ms total)

[----------] 1 test from TankTest
[ RUN      ] TankTest.GotShotTest
[       OK ] TankTest.GotShotTest (0 ms)
[----------] 1 test from TankTest (0 ms total)

[----------] 1 test from FactoryTest
[ RUN      ] FactoryTest.InterfaceTest
[       OK ] FactoryTest.InterfaceTest (0 ms)
[----------] 1 test from FactoryTest (0 ms total)

[----------] 1 test from GameTest
[ RUN      ] GameTest.InitializationTest
[       OK ] GameTest.InitializationTest (0 ms)
[----------] 1 test from GameTest (0 ms total)

[----------] Global test environment tear-down
[==========] 4 tests from 4 test suites ran. (0 ms total)
[  PASSED  ] 4 tests.
<end of output>
Test time =   0.01 sec
----------------------------------------------------------
Test Passed.
"tests" end time: May 28 17:10 EDT
"tests" time elapsed: 00:00:00
----------------------------------------------------------

End testing: May 28 17:10 EDT
